<?xml version="1.0" encoding="UTF-8"?>
<!-- Generated by org.testng.reporters.JUnitReportReporter -->
<testsuite skipped="0" hostname="ADMINRG-BGRV2NO" name="com.qa.test.HomePageTest" tests="1" failures="0" timestamp="26 Jun 2021 10:44:50 GMT" time="12.570" errors="0">
  <testcase name="homepage" time="12.570" classname="com.qa.test.HomePageTest"/>
</testsuite> <!-- com.qa.test.HomePageTest -->
